Microsemi Libero Software
Version: 11.9.0.4
Release: v11.9

Info: The design grideye_top.adb was last modified by software version 11.9.0.4.
Opened an existing Libero design grideye_top.adb.
'BA_NAME' set to 'grideye_top_ba'
'IDE_DESIGNERVIEW_NAME' set to 'Impl1'
'IDE_DESIGNERVIEW_COUNT' set to '1'
'IDE_DESIGNERVIEW_REV0' set to 'Impl1'
'IDE_DESIGNERVIEW_REVNUM0' set to '1'
'IDE_DESIGNERVIEW_ROOTDIR' set to 'C:\Users\mtstacho\Desktop\grideye\designer'
'IDE_DESIGNERVIEW_LASTREV' set to '1'
Wrote timing report to file: grideye_top_maxdelay_timing_report.txt

The Report command succeeded ( 00:00:02 )
Wrote timing report to file: grideye_top_mindelay_timing_report.txt

The Report command succeeded ( 00:00:00 )
Wrote timing_violations report to file: grideye_top_maxdelay_timingviolations_report.txt

The Report command succeeded ( 00:00:00 )
Wrote timing_violations report to file: grideye_top_mindelay_timingviolations_report.txt

The Report command succeeded ( 00:00:00 )
Design saved to file C:\Users\mtstacho\Desktop\grideye\designer\impl1\grideye_top.adb.

The Execute Script command succeeded ( 00:00:03 )
Design closed.

