Target Part: A2F200M3F_FBGA484_STD
Report for cell grideye_top.verilog
  Core Cell usage:
              cell count     area count*area
               GND     3      0.0        0.0
           MSS_APB     1      0.0        0.0
           MSS_CCC     1      0.0        0.0
             RCOSC     1      0.0        0.0
               VCC     3      0.0        0.0


                   -----          ----------
             TOTAL     9                 0.0


  IO Cell usage:
              cell count
   BIBUF_OPEND_MSS     2
         INBUF_MSS     2
        OUTBUF_MSS     1
                   -----
             TOTAL     5


Core Cells         : 0 of 4608 (0%)
IO Cells           : 5

  RAM/ROM Usage Summary
Block Rams : 0 of 8 (0%)

